<?xml version="1.0" encoding="utf-8"?><testsuites name="pytest tests"><testsuite name="pytest" errors="0" failures="0" skipped="2" tests="59" time="8.316" timestamp="2026-09-19T12:01:44.451739+01:00" hostname="localhost"><testcase classname="tests.test_article_preprocessing" name="test_article_soc_soh_labels_follow_discrete_current_integral" time="0.006" /><testcase classname="tests.test_article_preprocessing" name="test_article_outlier_filter_keeps_valid_cycle_and_removes_short_one" time="0.006" /><testcase classname="tests.test_article_preprocessing" name="test_sliding_windows_are_32_to_8_with_stride_8" time="0.002" /><testcase classname="tests.test_audit_regressions" name="test_resample_rejects_internal_gap_invalid_row_and_partial_bin" time="0.019" /><testcase classname="tests.test_audit_regressions" name="test_capacity_changes_while_efc_constant_and_does_not_extrapolate" time="0.002" /><testcase classname="tests.test_audit_regressions" name="test_resampling_cannot_hide_reversed_source_bins" time="0.005" /><testcase classname="tests.test_audit_regressions" name="test_dynamic_disjoint_splits[10-expected0]" time="0.001" /><testcase classname="tests.test_audit_regressions" name="test_dynamic_disjoint_splits[30-expected1]" time="0.001" /><testcase classname="tests.test_audit_regressions" name="test_dynamic_disjoint_splits[50-expected2]" time="0.001" /><testcase classname="tests.test_audit_regressions" name="test_etl_cache_train_scaler_and_batch_window_boundaries" time="0.121" /><testcase classname="tests.test_audit_regressions" name="test_fft_and_model_inference_do_not_depend_on_batch" time="0.597" /><testcase classname="tests.test_audit_regressions" name="test_fem_has_no_unpublished_residual_by_default" time="0.004" /><testcase classname="tests.test_audit_regressions" name="test_parallel_scan_equals_serial_outputs_and_gradients" time="0.003" /><testcase classname="tests.test_audit_regressions" name="test_figure4_norms_and_no_residual_and_dt_initialization" time="0.004" /><testcase classname="tests.test_audit_regressions" name="test_optimized_head_equals_full_time_head" time="0.001" /><testcase classname="tests.test_audit_regressions" name="test_loss_formula_fp32_and_gradient_to_features" time="0.002" /><testcase classname="tests.test_audit_regressions" name="test_unequal_microbatches_equal_single_batch_gradient" time="0.540" /><testcase classname="tests.test_audit_regressions" name="test_grouped_fem_equals_independent_branches_with_duplicate_periods" time="0.030" /><testcase classname="tests.test_audit_regressions" name="test_checkpoint_keeps_best_per_task_and_roundtrips_prediction_and_rng" time="0.100" /><testcase classname="tests.test_audit_regressions" name="test_article_does_not_mix_cells_or_bridge_nan" time="0.006" /><testcase classname="tests.test_audit_regressions" name="test_linear_conv_fusion_preserves_padding_bias_outputs_and_all_gradients[shape0]" time="0.004" /><testcase classname="tests.test_audit_regressions" name="test_linear_conv_fusion_preserves_padding_bias_outputs_and_all_gradients[shape1]" time="0.003" /><testcase classname="tests.test_audit_regressions" name="test_linear_conv_fusion_preserves_padding_bias_outputs_and_all_gradients[shape2]" time="0.003" /><testcase classname="tests.test_baselines" name="test_coulomb_counting_soc_changes_with_current" time="0.001" /><testcase classname="tests.test_baselines" name="test_second_order_ecm_returns_finite_voltage_trace" time="0.001" /><testcase classname="tests.test_dataset_preparation" name="test_result_dataset_manifest_archive_and_article_soh" time="0.014" /><testcase classname="tests.test_dataset_preparation" name="test_log_age_preparation_is_chunked_split_by_cell_and_windowable" time="0.067" /><testcase classname="tests.test_feature_extraction" name="test_fft_selects_known_dominant_bin" time="0.001" /><testcase classname="tests.test_feature_extraction" name="test_one_fem_contains_four_conv_rounds_and_preserves_shape" time="0.003" /><testcase classname="tests.test_feature_extraction" name="test_article_expert_depths_are_2_4_6" time="0.011" /><testcase classname="tests.test_gpu_optimizations" name="test_fem_execution_outputs_and_all_gradients[static-7]" time="0.009" /><testcase classname="tests.test_gpu_optimizations" name="test_fem_execution_outputs_and_all_gradients[static-32]" time="0.013" /><testcase classname="tests.test_gpu_optimizations" name="test_fem_execution_outputs_and_all_gradients[static-33]" time="0.013" /><testcase classname="tests.test_gpu_optimizations" name="test_fem_execution_outputs_and_all_gradients[matrix-7]" time="0.010" /><testcase classname="tests.test_gpu_optimizations" name="test_fem_execution_outputs_and_all_gradients[matrix-32]" time="0.064" /><testcase classname="tests.test_gpu_optimizations" name="test_fem_execution_outputs_and_all_gradients[matrix-33]" time="0.037" /><testcase classname="tests.test_gpu_optimizations" name="test_full_model_and_loss_parameter_gradients[static]" time="0.343" /><testcase classname="tests.test_gpu_optimizations" name="test_full_model_and_loss_parameter_gradients[matrix]" time="0.914" /><testcase classname="tests.test_gpu_optimizations" name="test_matrix_rejects_nonlinear_fem" time="0.163" /><testcase classname="tests.test_gpu_optimizations" name="test_matrix_rejects_amp_rearrangement" time="0.003" /><testcase classname="tests.test_gpu_optimizations" name="test_batched_kernel_fusion_matches_individual_rounds" time="0.007" /><testcase classname="tests.test_gpu_optimizations" name="test_shared_first_fft_preserves_outputs_and_gradients" time="0.024" /><testcase classname="tests.test_gpu_optimizations" name="test_streamed_metrics_match_direct_reference" time="0.002" /><testcase classname="tests.test_gpu_optimizations" name="test_budget_uses_physical_cells_and_preferred_30s_source" time="0.038" /><testcase classname="tests.test_gpu_optimizations" name="test_cuda_prefetch_keeps_order_values_and_final_partial_batch" time="0.000"><skipped type="pytest.skip" message="CUDA required">/workspace/scratch/bc891dffb682/output/physics_update/MDEN_audited/tests/test_gpu_optimizations.py:152: CUDA required</skipped></testcase><testcase classname="tests.test_gpu_optimizations" name="test_cuda_compiled_scan_outputs_and_gradients" time="0.000"><skipped type="pytest.skip" message="CUDA required">/workspace/scratch/bc891dffb682/output/physics_update/MDEN_audited/tests/test_gpu_optimizations.py:162: CUDA required</skipped></testcase><testcase classname="tests.test_model_and_loss" name="test_mden_outputs_synchronous_8_step_soc_soh" time="0.024" /><testcase classname="tests.test_model_and_loss" name="test_joint_loss_matches_article_structure_and_backpropagates" time="0.056" /><testcase classname="tests.test_model_and_loss" name="test_model_overfits_one_fixed_batch_without_regularization" time="1.114" /><testcase classname="tests.test_physics_and_cleanup" name="test_balance_for_interval_means_including_current_step[1]" time="0.001" /><testcase classname="tests.test_physics_and_cleanup" name="test_balance_for_interval_means_including_current_step[-1]" time="0.001" /><testcase classname="tests.test_physics_and_cleanup" name="test_charge_penalty_has_soc_gradient_and_cannot_inflate_predicted_soh" time="0.001" /><testcase classname="tests.test_physics_and_cleanup" name="test_missing_current_and_bad_physics_config_fail_instead_of_silent_skip" time="0.001" /><testcase classname="tests.test_physics_and_cleanup" name="test_future_current_is_denormalized_but_not_part_of_x" time="0.079" /><testcase classname="tests.test_physics_and_cleanup" name="test_cache_cleanup_respects_active_handles_and_preserves_raw_and_recipe" time="0.185" /><testcase classname="tests.test_physics_and_cleanup" name="test_cleanup_refuses_unknown_files_and_symlinks" time="0.071" /><testcase classname="tests.test_physics_and_cleanup" name="test_os_lease_prevents_cleanup_by_another_process" time="1.650" /><testcase classname="tests.test_physics_and_cleanup" name="test_optional_anchor_gap_limit_excludes_only_long_interpolation" time="0.009" /><testcase classname="tests.test_physics_and_cleanup" name="test_physics_loss_training_checkpoint_roundtrip_and_resume_guard" time="0.119" /></testsuite></testsuites>